-----BEGIN RSA PRIVATE KEY-----
MIIEpAIBAAKCAQEAxuC6S15gRyCGvPKvFDDnGkU+uy7q4BgnJ0B5HGOCCSYrp1EM
L+uLwcgpeoMts5wOshDj1Ss+lxnWs6H8COk4KcjyHoiOET0IMY2M9lE3F5z4glhc
sSq+E2V6IwemN0YSY5WS0YKZfMgF3GHgqC1UV257+q1gYvsvqvaTYQECfRlLwnQH
7Hig5TarkE9V4UNwftRKTXCIPYAJjEMKItgo1FCUN/oxsVUwnpcw54XRSFALS5Ox
3r/tTV+gKXgFyAr+0lIq3W5A1xBP/kKkU0wIngWQmtpWi0KJMmqXxtVis7XiwCYC
DNCbWLA6y1tND9EnfsHzVqC75jyHvCiM+yrXjQIDAQABAoIBAG0Q73nH3xsCvoG+
wb9b9lGU6gszdsHA3TAMjp6//59O3J/ctcdN8Q4r3HuAlz6p9fE3jArqtV+eXv2S
dyrX4+IefpG6J9dSVjz+uPCYp5L+lda96M+MdkMi4rF1T3V+qzUL4UGe0tf4xiYP
U2pHubpdMAbQsEx4HrMumLKZIClEDkTNeIhrN3IVYSwfYGUQqgncv/O01DJ1pw+S
+ER/elXtcZX+8vt4VsYJ0M6amZEIPv3vj1F05tm17I0/gQss3TZJ033FCjMT8CuP
LynxCgc0EKCrgWyXywV9eStIsVpKGA8kOnPM6Id9/crxngcJEA1kTA0bJqD7UtWK
WMn8B40CgYEA+tfOBUAGUjdy4hSH6FTTVsqxISMDDoqZB3Eoz+vRnsVN6vSh1t91
KFXph/GMXXQG/ImzbH2unjtJ3GbXpp2N55iWYcSl/StDSx9+KOhtZSDQW3OEBLf2
2MU91KJLfo2RHggeAiJvrYnFWLtgPo7wQZpBQdiC1IZXxnxuG18nSp8CgYEAyvdt
uUukfQKl9HrtcEQvFwsJbXEF6vwTaG/y51S1P4Xer/2wB36X3qQzspojMNW/M/5z
j68Wyo3S2fQhINRjmkbL5Ee9MEoGgVgsP7En51/nb2YH7sZ1d5Axre7MV53YkP+n
6owHFGzXFjkY/J7fNZQ9nWryrXGsIUslE582mlMCgYEAy3tCQZoFRq56QBFdikc9
RRuZgoLvWN1vc80EyV3Hpp7xLRaTLkYIuNawYTm9npWfkT520RxHCU6ZBPRcHWmT
knqCCv9Fk1CD/y2l3rNlAnMS8gyL3HQLBx9Bn/qjeR6HyK/W/+5FX6Xx85/UXAsB
tIXYR/zFbHcqPvXzL7sJmYsCgYBmaSpoEI7StP9fuJcNypmoGt2K5ziBNOfmDnaV
2twJTVbrnimv3mRq5pdfSv7uqSts5LsSiNoLIjx91PzSP9hyA77lVH1VXESkBwVs
rcrgqDdyshzWkjS7O3qVtKROoUqg/x6O7lC0Mablg7Hj5ZXixwW/5DLG6VBdDDmN
CQzYGQKBgQC49n5BNT8deC76UBDTkdBb3NWjBPHApCotF5hlVLstraqS1lDbSsdN
3vJlA1c0mzC06XaizIEPWrnog2gd313Hmfnm/t8bWTtU1McdZ8h4EE5YZQS3i4Wq
LnehCL9I1zq8wewu1NTom7+a6RI7qGciopptgFqxzGiTK78GrVqspQ==
-----END RSA PRIVATE KEY-----
